<?xml version="1.0" encoding="UTF-8"?>
<testng-results ignored="0" total="1" passed="1" failed="0" skipped="0">
  <reporter-output>
  </reporter-output>
  <suite started-at="2023-11-09T19:19:09 IST" name="Default suite" finished-at="2023-11-09T19:19:11 IST" duration-ms="1478">
    <groups>
      <group name="cucumber">
        <method signature="AbstractTestNGCucumberTests.runScenario(io.cucumber.testng.PickleWrapper,io.cucumber.testng.FeatureWrapper)[pri:0, instance:TestRunner.CucumberTestRunner@6892b3b6]" name="runScenario" class="io.cucumber.testng.AbstractTestNGCucumberTests"/>
      </group> <!-- cucumber -->
    </groups>
    <test started-at="2023-11-09T19:19:09 IST" name="Default test" finished-at="2023-11-09T19:19:11 IST" duration-ms="1478">
      <class name="TestRunner.CucumberTestRunner">
        <test-method is-config="true" signature="setUpClass(org.testng.ITestContext)[pri:0, instance:TestRunner.CucumberTestRunner@6892b3b6]" started-at="2023-11-09T19:19:09 IST" name="setUpClass" finished-at="2023-11-09T19:19:10 IST" duration-ms="1008" status="PASS">
          <params>
            <param index="0">
              <value>
                <![CDATA[org.testng.TestRunner@497570fb]]>
              </value>
            </param>
          </params>
          <reporter-output>
          </reporter-output>
        </test-method> <!-- setUpClass -->
        <test-method signature="runScenario(io.cucumber.testng.PickleWrapper,io.cucumber.testng.FeatureWrapper)[pri:0, instance:TestRunner.CucumberTestRunner@6892b3b6]" started-at="2023-11-09T19:19:10 IST" name="runScenario" description="Runs Cucumber Scenarios" data-provider="scenarios" finished-at="2023-11-09T19:19:11 IST" duration-ms="308" status="PASS">
          <params>
            <param index="0">
              <value>
                <![CDATA["Verify that the Navigation Bar/Menu is working and navigate to the correct pages."]]>
              </value>
            </param>
            <param index="1">
              <value>
                <![CDATA["navigationBar Of AI University Course Finder Webfold"]]>
              </value>
            </param>
          </params>
          <reporter-output>
          </reporter-output>
        </test-method> <!-- runScenario -->
        <test-method is-config="true" signature="tearDownClass()[pri:0, instance:TestRunner.CucumberTestRunner@6892b3b6]" started-at="2023-11-09T19:19:11 IST" name="tearDownClass" finished-at="2023-11-09T19:19:11 IST" duration-ms="94" status="PASS">
          <reporter-output>
          </reporter-output>
        </test-method> <!-- tearDownClass -->
      </class> <!-- TestRunner.CucumberTestRunner -->
    </test> <!-- Default test -->
  </suite> <!-- Default suite -->
</testng-results>
